Using pre-set license
Built from '2020.3/staging' branch; Version is '2020.3.25f1 (9b9180224418) revision 10195328'; Using compiler version '192528614'; Build Type 'Release'
OS: 'Windows 10  (10.0.19044) 64bit Professional' Language: 'en' Physical Memory: 16296 MB
BatchMode: 1, IsHumanControllingUs: 0, StartBugReporterOnCrash: 0, Is64bit: 1, IsPro: 0

COMMAND LINE ARGUMENTS:
C:\Program Files\Unity\Hub\Editor\2020.3.25f1\Editor\Unity.exe
-adb2
-batchMode
-noUpm
-name
AssetImportWorker0
-projectPath
C:/Users/agust/Documents/GitHub/PhotonGame/PhotonProject
-logFile
Logs/AssetImportWorker0.log
-srvPort
49618
Successfully changed project path to: C:/Users/agust/Documents/GitHub/PhotonGame/PhotonProject
C:/Users/agust/Documents/GitHub/PhotonGame/PhotonProject
Using Asset Import Pipeline V2.
Refreshing native plugins compatible for Editor in 421.95 ms, found 2 plugins.
Preloading 0 native plugins for Editor in 0.00 ms.
Initialize engine version: 2020.3.25f1 (9b9180224418)
[Subsystems] Discovering subsystems at path C:/Program Files/Unity/Hub/Editor/2020.3.25f1/Editor/Data/Resources/UnitySubsystems
[Subsystems] Discovering subsystems at path C:/Users/agust/Documents/GitHub/PhotonGame/PhotonProject/Assets
GfxDevice: creating device client; threaded=0
Direct3D:
    Version:  Direct3D 11.0 [level 11.1]
    Renderer: NVIDIA GeForce GTX 1660 (ID=0x2184)
    Vendor:   
    VRAM:     5992 MB
    Driver:   30.0.15.1295
Initialize mono
Mono path[0] = 'C:/Program Files/Unity/Hub/Editor/2020.3.25f1/Editor/Data/Managed'
Mono path[1] = 'C:/Program Files/Unity/Hub/Editor/2020.3.25f1/Editor/Data/MonoBleedingEdge/lib/mono/unityjit'
Mono config path = 'C:/Program Files/Unity/Hub/Editor/2020.3.25f1/Editor/Data/MonoBleedingEdge/etc'
Using monoOptions --debugger-agent=transport=dt_socket,embedding=1,server=y,suspend=n,address=127.0.0.1:56500
Begin MonoManager ReloadAssembly
Registering precompiled unity dll's ...
Register platform support module: C:/Program Files/Unity/Hub/Editor/2020.3.25f1/Editor/Data/PlaybackEngines/WindowsStandaloneSupport/UnityEditor.WindowsStandalone.Extensions.dll
Registered in 0.122693 seconds.
Native extension for WindowsStandalone target not found
Refreshing native plugins compatible for Editor in 30.94 ms, found 2 plugins.
Preloading 0 native plugins for Editor in 0.00 ms.
Mono: successfully reloaded assembly
- Completed reload, in  0.641 seconds
Domain Reload Profiling:
	ReloadAssembly (641ms)
		BeginReloadAssembly (46ms)
			ExecutionOrderSort (0ms)
			DisableScriptedObjects (0ms)
			BackupInstance (0ms)
			ReleaseScriptingObjects (0ms)
			CreateAndSetChildDomain (1ms)
		EndReloadAssembly (412ms)
			LoadAssemblies (55ms)
			RebuildTransferFunctionScriptingTraits (0ms)
			SetupTypeCache (129ms)
			ReleaseScriptCaches (0ms)
			RebuildScriptCaches (24ms)
			SetupLoadedEditorAssemblies (161ms)
				LogAssemblyErrors (0ms)
				InitializePlatformSupportModulesInManaged (4ms)
				SetLoadedEditorAssemblies (0ms)
				RefreshPlugins (31ms)
				BeforeProcessingInitializeOnLoad (14ms)
				ProcessInitializeOnLoadAttributes (67ms)
				ProcessInitializeOnLoadMethodAttributes (45ms)
				AfterProcessingInitializeOnLoad (0ms)
				EditorAssembliesLoaded (0ms)
			ExecutionOrderSort2 (0ms)
			AwakeInstancesAfterBackupRestoration (0ms)
Platform modules already initialized, skipping
Registering precompiled user dll's ...
Registered in 0.005496 seconds.
Begin MonoManager ReloadAssembly
Native extension for WindowsStandalone target not found
Refreshing native plugins compatible for Editor in 0.45 ms, found 2 plugins.
Preloading 0 native plugins for Editor in 0.00 ms.
Mono: successfully reloaded assembly
- Completed reload, in  2.289 seconds
Domain Reload Profiling:
	ReloadAssembly (2289ms)
		BeginReloadAssembly (122ms)
			ExecutionOrderSort (0ms)
			DisableScriptedObjects (4ms)
			BackupInstance (0ms)
			ReleaseScriptingObjects (0ms)
			CreateAndSetChildDomain (18ms)
		EndReloadAssembly (2112ms)
			LoadAssemblies (1437ms)
			RebuildTransferFunctionScriptingTraits (0ms)
			SetupTypeCache (258ms)
			ReleaseScriptCaches (0ms)
			RebuildScriptCaches (44ms)
			SetupLoadedEditorAssemblies (295ms)
				LogAssemblyErrors (0ms)
				InitializePlatformSupportModulesInManaged (4ms)
				SetLoadedEditorAssemblies (0ms)
				RefreshPlugins (1ms)
				BeforeProcessingInitializeOnLoad (70ms)
				ProcessInitializeOnLoadAttributes (201ms)
				ProcessInitializeOnLoadMethodAttributes (12ms)
				AfterProcessingInitializeOnLoad (7ms)
				EditorAssembliesLoaded (0ms)
			ExecutionOrderSort2 (0ms)
			AwakeInstancesAfterBackupRestoration (6ms)
Platform modules already initialized, skipping
========================================================================
Worker process is ready to serve import requests
Launched and connected shader compiler UnityShaderCompiler.exe after 0.15 seconds
Refreshing native plugins compatible for Editor in 0.56 ms, found 2 plugins.
Preloading 0 native plugins for Editor in 0.00 ms.
Unloading 1758 Unused Serialized files (Serialized files now loaded: 0)
System memory in use before: 77.4 MB.
System memory in use after: 77.4 MB.

Unloading 25 unused Assets to reduce memory usage. Loaded Objects now: 2189.
Total: 2.374500 ms (FindLiveObjects: 0.222100 ms CreateObjectMapping: 0.067400 ms MarkObjects: 2.025400 ms  DeleteObjects: 0.058800 ms)

AssetImportParameters requested are different than current active one (requested -> active):
  custom:framework-win-MediaFoundation: 216162199b28c13a410421893ffa2e32 -> 
  custom:video-decoder-ogg-theora: a1e56fd34408186e4bbccfd4996cb3dc -> 
  custom:container-muxer-webm: aa71ff27fc2769a1b78a27578f13a17b -> 
  custom:container-demuxer-webm: 4f35f7cbe854078d1ac9338744f61a02 -> 
  custom:container-demuxer-ogg: 62fdf1f143b41e24485cea50d1cbac27 -> 
  custom:video-encoder-webm-vp8: eb34c28f22e8b96e1ab97ce403110664 -> 
  custom:video-decoder-webm-vp8: 9c59270c3fd7afecdb556c50c9e8de78 -> 
  custom:audio-decoder-ogg-vorbis: bf7c407c2cedff20999df2af8eb42d56 -> 
  custom:audio-encoder-webm-vorbis: bf7c407c2cedff20999df2af8eb42d56 -> 
========================================================================
Received Import Request.
  path: Assets/Photon/PhotonUnityNetworking/Resources/Cop.prefab
  artifactKey: Guid(66b81227045fd9d4a8e93fccf235cc6d) Importer(815301076,1909f56bfc062723c751e8b465ee728b)
Start importing Assets/Photon/PhotonUnityNetworking/Resources/Cop.prefab using Guid(66b81227045fd9d4a8e93fccf235cc6d) Importer(815301076,1909f56bfc062723c751e8b465ee728b)  -> (artifact id: '3959749063a7d015bf475d183c164704') in 0.907142 seconds 
  Import took 0.947716 seconds .

========================================================================
Received Import Request.
  Time since last request: 0.000168 seconds.
  path: Assets/Photon/PhotonUnityNetworking/Resources/Santa.prefab
  artifactKey: Guid(8529744e37ed6804585e6dd36892c018) Importer(815301076,1909f56bfc062723c751e8b465ee728b)
Start importing Assets/Photon/PhotonUnityNetworking/Resources/Santa.prefab using Guid(8529744e37ed6804585e6dd36892c018) Importer(815301076,1909f56bfc062723c751e8b465ee728b)  -> (artifact id: '14a40f77bd50f006b1348177deba781e') in 0.114996 seconds 
  Import took 0.118136 seconds .

========================================================================
Received Import Request.
  Time since last request: 0.000211 seconds.
  path: Assets/Photon/PhotonUnityNetworking/Resources/Player.prefab
  artifactKey: Guid(46bc39a396f0c824d95ab449bd826b96) Importer(815301076,1909f56bfc062723c751e8b465ee728b)
Start importing Assets/Photon/PhotonUnityNetworking/Resources/Player.prefab using Guid(46bc39a396f0c824d95ab449bd826b96) Importer(815301076,1909f56bfc062723c751e8b465ee728b)  -> (artifact id: '0ba0b9f0ce7dc6dbdc1b655cc3342778') in 0.021473 seconds 
  Import took 0.024887 seconds .

========================================================================
Received Import Request.
  Time since last request: 0.000266 seconds.
  path: Assets/Photon/PhotonUnityNetworking/Resources/Doctor.prefab
  artifactKey: Guid(f84c6eccdd20ad143997fead9fd5d81a) Importer(815301076,1909f56bfc062723c751e8b465ee728b)
Start importing Assets/Photon/PhotonUnityNetworking/Resources/Doctor.prefab using Guid(f84c6eccdd20ad143997fead9fd5d81a) Importer(815301076,1909f56bfc062723c751e8b465ee728b)  -> (artifact id: '39e2b427eba1a86e3f5df9582dac1d2d') in 0.434357 seconds 
  Import took 0.437789 seconds .

========================================================================
Received Import Request.
  Time since last request: 0.000177 seconds.
  path: Assets/Photon/PhotonUnityNetworking/Resources/Boss.prefab
  artifactKey: Guid(8f7eb9c42a78a7147b6f25b7b769e0fe) Importer(815301076,1909f56bfc062723c751e8b465ee728b)
Start importing Assets/Photon/PhotonUnityNetworking/Resources/Boss.prefab using Guid(8f7eb9c42a78a7147b6f25b7b769e0fe) Importer(815301076,1909f56bfc062723c751e8b465ee728b)  -> (artifact id: 'b25bb6d64424700ceb53b5f96feda8b9') in 0.820765 seconds 
  Import took 0.824950 seconds .

========================================================================
Received Import Request.
  Time since last request: 0.000231 seconds.
  path: Assets/Photon/PhotonUnityNetworking/Resources/PhotonServerSettings.asset
  artifactKey: Guid(ce5e64d27ee97224496fbe892bc55d31) Importer(815301076,1909f56bfc062723c751e8b465ee728b)
Start importing Assets/Photon/PhotonUnityNetworking/Resources/PhotonServerSettings.asset using Guid(ce5e64d27ee97224496fbe892bc55d31) Importer(815301076,1909f56bfc062723c751e8b465ee728b)  -> (artifact id: 'e36a126da43c8fb0e013f855e3c0b3e6') in 0.024219 seconds 
  Import took 0.027518 seconds .

========================================================================
Received Import Request.
  Time since last request: 0.000248 seconds.
  path: Assets/Photon/PhotonUnityNetworking/Resources/Devil.prefab
  artifactKey: Guid(25b5f0d5b8d7319459553efaa96daaa1) Importer(815301076,1909f56bfc062723c751e8b465ee728b)
Start importing Assets/Photon/PhotonUnityNetworking/Resources/Devil.prefab using Guid(25b5f0d5b8d7319459553efaa96daaa1) Importer(815301076,1909f56bfc062723c751e8b465ee728b)  -> (artifact id: '8bfc55291010d5662ed441cb760a0ce6') in 0.186643 seconds 
  Import took 0.189668 seconds .

========================================================================
Received Import Request.
  Time since last request: 327.585919 seconds.
  path: Assets/Photon/PhotonUnityNetworking/Icons/PunIcon-128.png
  artifactKey: Guid(bd293dc32f4aaf94e8274f2fac2cdf89) Importer(815301076,1909f56bfc062723c751e8b465ee728b)
Start importing Assets/Photon/PhotonUnityNetworking/Icons/PunIcon-128.png using Guid(bd293dc32f4aaf94e8274f2fac2cdf89) Importer(815301076,1909f56bfc062723c751e8b465ee728b)  -> (artifact id: 'a74c7ddd00abd945b6ea475459a215fb') in 1.166063 seconds 
  Import took 1.169336 seconds .

========================================================================
Received Import Request.
  Time since last request: 0.000145 seconds.
  path: Assets/Photon/PhotonUnityNetworking/Icons/PunIconApp512.png
  artifactKey: Guid(7377013011b4c3348809ff574abe799e) Importer(815301076,1909f56bfc062723c751e8b465ee728b)
Start importing Assets/Photon/PhotonUnityNetworking/Icons/PunIconApp512.png using Guid(7377013011b4c3348809ff574abe799e) Importer(815301076,1909f56bfc062723c751e8b465ee728b)  -> (artifact id: '1dfba95de6658c0091ac4e9eaeb39562') in 0.093207 seconds 
  Import took 0.095948 seconds .

========================================================================
Received Import Request.
  Time since last request: 0.000314 seconds.
  path: Assets/Photon/PhotonUnityNetworking/Icons/PunIconApp128.png
  artifactKey: Guid(f00feafcf0675cd47a48f83ae42b06d4) Importer(815301076,1909f56bfc062723c751e8b465ee728b)
Start importing Assets/Photon/PhotonUnityNetworking/Icons/PunIconApp128.png using Guid(f00feafcf0675cd47a48f83ae42b06d4) Importer(815301076,1909f56bfc062723c751e8b465ee728b)  -> (artifact id: 'efb885fe3c0f63041a4a95a43458c88e') in 0.041723 seconds 
  Import took 0.044513 seconds .

========================================================================
Received Import Request.
  Time since last request: 0.000200 seconds.
  path: Assets/Photon/PhotonUnityNetworking/Icons/PunIconApp32.png
  artifactKey: Guid(436c5e63723127948af8857e903f658a) Importer(815301076,1909f56bfc062723c751e8b465ee728b)
Start importing Assets/Photon/PhotonUnityNetworking/Icons/PunIconApp32.png using Guid(436c5e63723127948af8857e903f658a) Importer(815301076,1909f56bfc062723c751e8b465ee728b)  -> (artifact id: '4fb6ea98a37a8ac0ce281e04f6c68410') in 0.039413 seconds 
  Import took 0.042132 seconds .

========================================================================
Received Import Request.
  Time since last request: 0.000195 seconds.
  path: Assets/Photon/PhotonUnityNetworking/Icons/PunIconApp48.png
  artifactKey: Guid(44ebd8e6f42cae445ab4b22f0a9b48a0) Importer(815301076,1909f56bfc062723c751e8b465ee728b)
Start importing Assets/Photon/PhotonUnityNetworking/Icons/PunIconApp48.png using Guid(44ebd8e6f42cae445ab4b22f0a9b48a0) Importer(815301076,1909f56bfc062723c751e8b465ee728b)  -> (artifact id: '7d2f1e8450ccf03600b90c1bd797e328') in 0.031955 seconds 
  Import took 0.035037 seconds .

========================================================================
Received Import Request.
  Time since last request: 58.154500 seconds.
  path: Assets/Prefabs/BaseBullet.prefab
  artifactKey: Guid(f04dd58480a5a344c93b9139639122f6) Importer(815301076,1909f56bfc062723c751e8b465ee728b)
Start importing Assets/Prefabs/BaseBullet.prefab using Guid(f04dd58480a5a344c93b9139639122f6) Importer(815301076,1909f56bfc062723c751e8b465ee728b)  -> (artifact id: 'c6084ca1413c7cf4f1d15f8ba3258eff') in 0.060385 seconds 
  Import took 0.063999 seconds .

========================================================================
Received Import Request.
  Time since last request: 0.000239 seconds.
  path: Assets/Prefabs/LifeBar.prefab
  artifactKey: Guid(b9406af5c70b19e4d9f9b205a695fd91) Importer(815301076,1909f56bfc062723c751e8b465ee728b)
Start importing Assets/Prefabs/LifeBar.prefab using Guid(b9406af5c70b19e4d9f9b205a695fd91) Importer(815301076,1909f56bfc062723c751e8b465ee728b)  -> (artifact id: '031ac91086753d41625740a1627edeb9') in 0.069466 seconds 
  Import took 0.072394 seconds .

========================================================================
Received Import Request.
  Time since last request: 0.000215 seconds.
  path: Assets/Prefabs/LobbyMenu.prefab
  artifactKey: Guid(d67aa93c17b186c4393f97673fb5e717) Importer(815301076,1909f56bfc062723c751e8b465ee728b)
Start importing Assets/Prefabs/LobbyMenu.prefab using Guid(d67aa93c17b186c4393f97673fb5e717) Importer(815301076,1909f56bfc062723c751e8b465ee728b)  -> (artifact id: 'b950d06dd5464088872ceb05d3211e0c') in 0.041691 seconds 
  Import took 0.044503 seconds .

========================================================================
Received Import Request.
  Time since last request: 0.000157 seconds.
  path: Assets/Prefabs/BossBullet.prefab
  artifactKey: Guid(912ff062271c42e428016edc1275f4c4) Importer(815301076,1909f56bfc062723c751e8b465ee728b)
Start importing Assets/Prefabs/BossBullet.prefab using Guid(912ff062271c42e428016edc1275f4c4) Importer(815301076,1909f56bfc062723c751e8b465ee728b)  -> (artifact id: '6b4f89b812bef1837f60f88c1fb8fd2f') in 0.043522 seconds 
  Import took 0.046168 seconds .

========================================================================
Received Import Request.
  Time since last request: 0.000158 seconds.
  path: Assets/Prefabs/ShotgunBullet.prefab
  artifactKey: Guid(9c806f3172a05354f896e6d680ae4429) Importer(815301076,1909f56bfc062723c751e8b465ee728b)
Start importing Assets/Prefabs/ShotgunBullet.prefab using Guid(9c806f3172a05354f896e6d680ae4429) Importer(815301076,1909f56bfc062723c751e8b465ee728b)  -> (artifact id: '7e804bcc891cd51b43dcaa344b3b0a5f') in 0.036692 seconds 
  Import took 0.039806 seconds .

AssetImportWorkerClient::OnTransportError - code=2 error=End of file
